# JRE version: OpenJDK Runtime Environment Microsoft-8035250 (11.0.20+8) (build 11.0.20+8-LTS)
# Java VM: OpenJDK 64-Bit Server VM Microsoft-8035250 (11.0.20+8-LTS, mixed mode, tiered, compressed oops, g1 gc, windows-amd64)
Heap:
 garbage-first heap   total 131072K, used 77875K [0x0000000080000000, 0x0000000100000000)
  region size 1024K, 58 young (59392K), 9 survivors (9216K)
 Metaspace       used 43188K, capacity 44429K, committed 44496K, reserved 555008K
  class space    used 5454K, capacity 5957K, committed 6016K, reserved 516096K
GC Heap History (14 events):
Event: 1.397 GC heap before
{Heap before GC invocations=0 (full 0):
 garbage-first heap   total 131072K, used 27648K [0x0000000080000000, 0x0000000100000000)
  region size 1024K, 24 young (24576K), 0 survivors (0K)
 Metaspace       used 10068K, capacity 10342K, committed 10624K, reserved 526336K
  class space    used 1023K, capacity 1107K, committed 1152K, reserved 516096K
}
Event: 1.406 GC heap after
{Heap after GC invocations=1 (full 0):
 garbage-first heap   total 131072K, used 10458K [0x0000000080000000, 0x0000000100000000)
  region size 1024K, 3 young (3072K), 3 survivors (3072K)
 Metaspace       used 10068K, capacity 10342K, committed 10624K, reserved 526336K
  class space    used 1023K, capacity 1107K, committed 1152K, reserved 516096K
}
Event: 4.168 GC heap before
{Heap before GC invocations=1 (full 0):
 garbage-first heap   total 131072K, used 86234K [0x0000000080000000, 0x0000000100000000)
  region size 1024K, 76 young (77824K), 3 survivors (3072K)
 Metaspace       used 18522K, capacity 18928K, committed 19072K, reserved 534528K
  class space    used 2148K, capacity 2310K, committed 2432K, reserved 516096K
}
Event: 4.176 GC heap after
{Heap after GC invocations=2 (full 0):
 garbage-first heap   total 131072K, used 17436K [0x0000000080000000, 0x0000000100000000)
  region size 1024K, 10 young (10240K), 10 survivors (10240K)
 Metaspace       used 18522K, capacity 18928K, committed 19072K, reserved 534528K
  class space    used 2148K, capacity 2310K, committed 2432K, reserved 516096K
}
Event: 4.524 GC heap before
{Heap before GC invocations=2 (full 0):
 garbage-first heap   total 131072K, used 35868K [0x0000000080000000, 0x0000000100000000)
  region size 1024K, 29 young (29696K), 10 survivors (10240K)
 Metaspace       used 20799K, capacity 21210K, committed 21296K, reserved 536576K
  class space    used 2486K, capacity 2654K, committed 2688K, reserved 516096K
}
Event: 4.534 GC heap after
{Heap after GC invocations=3 (full 0):
 garbage-first heap   total 131072K, used 17995K [0x0000000080000000, 0x0000000100000000)
  region size 1024K, 1 young (1024K), 1 survivors (1024K)
 Metaspace       used 20799K, capacity 21210K, committed 21296K, reserved 536576K
  class space    used 2486K, capacity 2654K, committed 2688K, reserved 516096K
}
Event: 5.281 GC heap before
{Heap before GC invocations=4 (full 0):
 garbage-first heap   total 131072K, used 69195K [0x0000000080000000, 0x0000000100000000)
  region size 1024K, 52 young (53248K), 1 survivors (1024K)
 Metaspace       used 25393K, capacity 26024K, committed 26160K, reserved 540672K
  class space    used 3233K, capacity 3452K, committed 3456K, reserved 516096K
}
Event: 5.285 GC heap after
{Heap after GC invocations=5 (full 0):
 garbage-first heap   total 131072K, used 19868K [0x0000000080000000, 0x0000000100000000)
  region size 1024K, 3 young (3072K), 3 survivors (3072K)
 Metaspace       used 25393K, capacity 26024K, committed 26160K, reserved 540672K
  class space    used 3233K, capacity 3452K, committed 3456K, reserved 516096K
}
Event: 6.147 GC heap before
{Heap before GC invocations=5 (full 0):
 garbage-first heap   total 131072K, used 77212K [0x0000000080000000, 0x0000000100000000)
  region size 1024K, 59 young (60416K), 3 survivors (3072K)
 Metaspace       used 30627K, capacity 31391K, committed 31664K, reserved 544768K
  class space    used 4039K, capacity 4331K, committed 4352K, reserved 516096K
}
Event: 6.151 GC heap after
{Heap after GC invocations=6 (full 0):
 garbage-first heap   total 131072K, used 21428K [0x0000000080000000, 0x0000000100000000)
  region size 1024K, 5 young (5120K), 5 survivors (5120K)
 Metaspace       used 30627K, capacity 31391K, committed 31664K, reserved 544768K
  class space    used 4039K, capacity 4331K, committed 4352K, reserved 516096K
}
Event: 6.661 GC heap before
{Heap before GC invocations=6 (full 0):
 garbage-first heap   total 131072K, used 40884K [0x0000000080000000, 0x0000000100000000)
  region size 1024K, 25 young (25600K), 5 survivors (5120K)
 Metaspace       used 35022K, capacity 35826K, committed 35920K, reserved 548864K
  class space    used 4484K, capacity 4812K, committed 4864K, reserved 516096K
}
Event: 6.669 GC heap after
{Heap after GC invocations=7 (full 0):
 garbage-first heap   total 131072K, used 23499K [0x0000000080000000, 0x0000000100000000)
  region size 1024K, 6 young (6144K), 6 survivors (6144K)
 Metaspace       used 35022K, capacity 35826K, committed 35920K, reserved 548864K
  class space    used 4484K, capacity 4812K, committed 4864K, reserved 516096K
}
Event: 7.886 GC heap before
{Heap before GC invocations=8 (full 0):
 garbage-first heap   total 131072K, used 85963K [0x0000000080000000, 0x0000000100000000)
  region size 1024K, 65 young (66560K), 6 survivors (6144K)
 Metaspace       used 40696K, capacity 41739K, committed 41936K, reserved 552960K
  class space    used 5109K, capacity 5499K, committed 5504K, reserved 516096K
}
Event: 7.896 GC heap after
{Heap after GC invocations=9 (full 0):
 garbage-first heap   total 131072K, used 28723K [0x0000000080000000, 0x0000000100000000)
  region size 1024K, 9 young (9216K), 9 survivors (9216K)
 Metaspace       used 40696K, capacity 41739K, committed 41936K, reserved 552960K
  class space    used 5109K, capacity 5499K, committed 5504K, reserved 516096K
}

