# JRE version: OpenJDK Runtime Environment Microsoft-8035250 (11.0.20+8) (build 11.0.20+8-LTS)
# Java VM: OpenJDK 64-Bit Server VM Microsoft-8035250 (11.0.20+8-LTS, mixed mode, tiered, compressed oops, g1 gc, windows-amd64)
Heap:
 garbage-first heap   total 131072K, used 53568K [0x0000000080000000, 0x0000000100000000)
  region size 1024K, 37 young (37888K), 7 survivors (7168K)
 Metaspace       used 38063K, capacity 39018K, committed 39120K, reserved 550912K
  class space    used 4826K, capacity 5191K, committed 5248K, reserved 516096K
GC Heap History (12 events):
Event: 32.844 GC heap before
{Heap before GC invocations=0 (full 0):
 garbage-first heap   total 131072K, used 27648K [0x0000000080000000, 0x0000000100000000)
  region size 1024K, 24 young (24576K), 0 survivors (0K)
 Metaspace       used 10093K, capacity 10342K, committed 10624K, reserved 526336K
  class space    used 1023K, capacity 1107K, committed 1152K, reserved 516096K
}
Event: 32.853 GC heap after
{Heap after GC invocations=1 (full 0):
 garbage-first heap   total 131072K, used 10674K [0x0000000080000000, 0x0000000100000000)
  region size 1024K, 3 young (3072K), 3 survivors (3072K)
 Metaspace       used 10093K, capacity 10342K, committed 10624K, reserved 526336K
  class space    used 1023K, capacity 1107K, committed 1152K, reserved 516096K
}
Event: 37.733 GC heap before
{Heap before GC invocations=1 (full 0):
 garbage-first heap   total 131072K, used 86450K [0x0000000080000000, 0x0000000100000000)
  region size 1024K, 76 young (77824K), 3 survivors (3072K)
 Metaspace       used 18560K, capacity 18928K, committed 19072K, reserved 534528K
  class space    used 2153K, capacity 2310K, committed 2432K, reserved 516096K
}
Event: 37.744 GC heap after
{Heap after GC invocations=2 (full 0):
 garbage-first heap   total 131072K, used 17323K [0x0000000080000000, 0x0000000100000000)
  region size 1024K, 10 young (10240K), 10 survivors (10240K)
 Metaspace       used 18560K, capacity 18928K, committed 19072K, reserved 534528K
  class space    used 2153K, capacity 2310K, committed 2432K, reserved 516096K
}
Event: 38.097 GC heap before
{Heap before GC invocations=2 (full 0):
 garbage-first heap   total 131072K, used 35755K [0x0000000080000000, 0x0000000100000000)
  region size 1024K, 29 young (29696K), 10 survivors (10240K)
 Metaspace       used 20807K, capacity 21210K, committed 21296K, reserved 536576K
  class space    used 2488K, capacity 2654K, committed 2688K, reserved 516096K
}
Event: 38.108 GC heap after
{Heap after GC invocations=3 (full 0):
 garbage-first heap   total 131072K, used 18244K [0x0000000080000000, 0x0000000100000000)
  region size 1024K, 1 young (1024K), 1 survivors (1024K)
 Metaspace       used 20807K, capacity 21210K, committed 21296K, reserved 536576K
  class space    used 2488K, capacity 2654K, committed 2688K, reserved 516096K
}
Event: 39.375 GC heap before
{Heap before GC invocations=4 (full 0):
 garbage-first heap   total 131072K, used 73540K [0x0000000080000000, 0x0000000100000000)
  region size 1024K, 56 young (57344K), 1 survivors (1024K)
 Metaspace       used 25958K, capacity 26556K, committed 26800K, reserved 540672K
  class space    used 3318K, capacity 3524K, committed 3584K, reserved 516096K
}
Event: 39.380 GC heap after
{Heap after GC invocations=5 (full 0):
 garbage-first heap   total 131072K, used 20245K [0x0000000080000000, 0x0000000100000000)
  region size 1024K, 3 young (3072K), 3 survivors (3072K)
 Metaspace       used 25958K, capacity 26556K, committed 26800K, reserved 540672K
  class space    used 3318K, capacity 3524K, committed 3584K, reserved 516096K
}
Event: 40.427 GC heap before
{Heap before GC invocations=5 (full 0):
 garbage-first heap   total 131072K, used 81685K [0x0000000080000000, 0x0000000100000000)
  region size 1024K, 63 young (64512K), 3 survivors (3072K)
 Metaspace       used 31711K, capacity 32499K, committed 32688K, reserved 544768K
  class space    used 4186K, capacity 4511K, committed 4608K, reserved 516096K
}
Event: 40.433 GC heap after
{Heap after GC invocations=6 (full 0):
 garbage-first heap   total 131072K, used 21934K [0x0000000080000000, 0x0000000100000000)
  region size 1024K, 5 young (5120K), 5 survivors (5120K)
 Metaspace       used 31711K, capacity 32499K, committed 32688K, reserved 544768K
  class space    used 4186K, capacity 4511K, committed 4608K, reserved 516096K
}
Event: 40.811 GC heap before
{Heap before GC invocations=6 (full 0):
 garbage-first heap   total 131072K, used 33198K [0x0000000080000000, 0x0000000100000000)
  region size 1024K, 17 young (17408K), 5 survivors (5120K)
 Metaspace       used 35027K, capacity 35826K, committed 35920K, reserved 548864K
  class space    used 4480K, capacity 4812K, committed 4864K, reserved 516096K
}
Event: 40.823 GC heap after
{Heap after GC invocations=7 (full 0):
 garbage-first heap   total 131072K, used 23872K [0x0000000080000000, 0x0000000100000000)
  region size 1024K, 7 young (7168K), 7 survivors (7168K)
 Metaspace       used 35027K, capacity 35826K, committed 35920K, reserved 548864K
  class space    used 4480K, capacity 4812K, committed 4864K, reserved 516096K
}

